<?xml version="1.0" encoding="utf-8"?><testsuites name="pytest tests"><testsuite name="pytest" errors="0" failures="0" skipped="0" tests="19" time="24.116" timestamp="2026-04-09T16:39:13.448538+00:00" hostname="agent-env-dc936ad4-aa17-47cf-90a3-f02dc91a1d87"><testcase classname="backend.tests.test_new_features.TestAuth" name="test_login_success" time="3.576" /><testcase classname="backend.tests.test_new_features.TestAuth" name="test_login_invalid_credentials" time="0.619" /><testcase classname="backend.tests.test_new_features.TestDashboard" name="test_dashboard_stats" time="3.058" /><testcase classname="backend.tests.test_new_features.TestOrdersWithItems" name="test_orders_list_includes_order_items" time="1.074" /><testcase classname="backend.tests.test_new_features.TestOrdersWithItems" name="test_orders_filter_by_status" time="0.885" /><testcase classname="backend.tests.test_new_features.TestOrdersWithItems" name="test_orders_pagination" time="0.784" /><testcase classname="backend.tests.test_new_features.TestStorageImages" name="test_storage_images_list" time="2.034" /><testcase classname="backend.tests.test_new_features.TestStorageImages" name="test_storage_images_structure" time="1.596" /><testcase classname="backend.tests.test_new_features.TestStorageImages" name="test_storage_images_product_matching" time="1.346" /><testcase classname="backend.tests.test_new_features.TestProductsSimple" name="test_products_simple_list" time="0.719" /><testcase classname="backend.tests.test_new_features.TestProductsSimple" name="test_products_simple_structure" time="0.575" /><testcase classname="backend.tests.test_new_features.TestProductImageAssignment" name="test_assign_image_to_product_invalid_product" time="0.732" /><testcase classname="backend.tests.test_new_features.TestProductImageAssignment" name="test_assign_image_endpoint_exists" time="1.835" /><testcase classname="backend.tests.test_new_features.TestOtherGridEndpoints" name="test_bulk_orders_list" time="0.763" /><testcase classname="backend.tests.test_new_features.TestOtherGridEndpoints" name="test_products_list" time="0.897" /><testcase classname="backend.tests.test_new_features.TestOtherGridEndpoints" name="test_brands_list" time="0.741" /><testcase classname="backend.tests.test_new_features.TestOtherGridEndpoints" name="test_order_items_list" time="0.793" /><testcase classname="backend.tests.test_new_features.TestOtherGridEndpoints" name="test_product_brand_variants_list" time="1.213" /><testcase classname="backend.tests.test_new_features.TestOtherGridEndpoints" name="test_users_list" time="0.785" /></testsuite></testsuites>